0 info it worked if it ends with ok
1 verbose cli [ 'node', '/usr/local/bin/npm', 'publish', './' ]
2 info using npm@1.4.28
3 info using node@v0.10.32
4 verbose publish [ './' ]
5 verbose cache add [ './', null ]
6 verbose cache add name=undefined spec="./" args=["./",null]
7 verbose parsed url { protocol: null,
7 verbose parsed url   slashes: null,
7 verbose parsed url   auth: null,
7 verbose parsed url   host: null,
7 verbose parsed url   port: null,
7 verbose parsed url   hostname: null,
7 verbose parsed url   hash: null,
7 verbose parsed url   search: null,
7 verbose parsed url   query: null,
7 verbose parsed url   pathname: './',
7 verbose parsed url   path: './',
7 verbose parsed url   href: './' }
8 silly lockFile 0ee6c175- ./
9 verbose lock ./ /Users/Mauricio/.npm/0ee6c175-.lock
10 verbose tar pack [ '/Users/Mauricio/.npm/buckets-js/1.85.0/package.tgz', './' ]
11 verbose tarball /Users/Mauricio/.npm/buckets-js/1.85.0/package.tgz
12 verbose folder ./
13 info prepublish buckets-js@1.85.0
14 silly lockFile 04cb2bca-tar tar://./
15 verbose lock tar://./ /Users/Mauricio/.npm/04cb2bca-tar.lock
16 silly lockFile efc87d9f-pm-buckets-js-1-85-0-package-tgz tar:///Users/Mauricio/.npm/buckets-js/1.85.0/package.tgz
17 verbose lock tar:///Users/Mauricio/.npm/buckets-js/1.85.0/package.tgz /Users/Mauricio/.npm/efc87d9f-pm-buckets-js-1-85-0-package-tgz.lock
18 silly lockFile 04cb2bca-tar tar://./
19 silly lockFile 04cb2bca-tar tar://./
20 silly lockFile efc87d9f-pm-buckets-js-1-85-0-package-tgz tar:///Users/Mauricio/.npm/buckets-js/1.85.0/package.tgz
21 silly lockFile efc87d9f-pm-buckets-js-1-85-0-package-tgz tar:///Users/Mauricio/.npm/buckets-js/1.85.0/package.tgz
22 silly lockFile 9625f58b-io-npm-buckets-js-1-85-0-package /Users/Mauricio/.npm/buckets-js/1.85.0/package
23 verbose lock /Users/Mauricio/.npm/buckets-js/1.85.0/package /Users/Mauricio/.npm/9625f58b-io-npm-buckets-js-1-85-0-package.lock
24 silly lockFile 9625f58b-io-npm-buckets-js-1-85-0-package /Users/Mauricio/.npm/buckets-js/1.85.0/package
25 silly lockFile 9625f58b-io-npm-buckets-js-1-85-0-package /Users/Mauricio/.npm/buckets-js/1.85.0/package
26 silly lockFile 0ee6c175- ./
27 silly lockFile 0ee6c175- ./
28 silly publish { name: 'buckets-js',
28 silly publish   description: 'Buckets is a complete, fully tested and documented data structure library written in pure JavaScript.',
28 silly publish   version: '1.85.0',
28 silly publish   license: 'APL-2',
28 silly publish   repository:
28 silly publish    { type: 'git',
28 silly publish      url: 'git://github.com/mauriciosantos/buckets.git' },
28 silly publish   dependencies: {},
28 silly publish   files: [ 'buckets.js', 'buckets-minified.js' ],
28 silly publish   main: 'buckets.js',
28 silly publish   readme: '[Buckets](github.com/mauriciosantos/buckets/)\n====================\n**A JavaScript Data Structure Library**\n\nBuckets is a complete, fully tested and documented data structure library written in pure JavaScript.\n\nIncluded data structures\n---------------------\n\n- [Linked List](https://rawgithub.com/mauriciosantos/buckets/master/doc/symbols/buckets.LinkedList.html)\n- [Dictionary](https://rawgithub.com/mauriciosantos/buckets/master/doc/symbols/buckets.Dictionary.html)\n- [Multi Dictionary](https://rawgithub.com/mauriciosantos/buckets/master/doc/symbols/buckets.MultiDictionary.html)\n- [Binary Search Tree](https://rawgithub.com/mauriciosantos/buckets/master/doc/symbols/buckets.BSTree.html)\n- [Stack](https://rawgithub.com/mauriciosantos/buckets/master/doc/symbols/buckets.Stack.html)\n- [Queue](https://rawgithub.com/mauriciosantos/buckets/master/doc/symbols/buckets.Queue.html)\n- [Set](https://rawgithub.com/mauriciosantos/buckets/master/doc/symbols/buckets.Set.html)\n- [Bag](https://rawgithub.com/mauriciosantos/buckets/master/doc/symbols/buckets.Bag.html)\n- [Binary Heap](https://rawgithub.com/mauriciosantos/buckets/master/doc/symbols/buckets.Heap.html)\n- [Priority Queue](https://rawgithub.com/mauriciosantos/buckets/master/doc/symbols/buckets.PriorityQueue.html)\n\nBuckets also includes several functions for manipulating [arrays](https://rawgithub.com/mauriciosantos/buckets/master/doc/symbols/buckets.arrays.html).\n\nSupported platforms\n--------------------\n\n- Every desktop and mobile browser (including IE6)\n- Node.js\n\nIf it supports JavaScript, it probably supports buckets.\n\nDownloading Buckets\n--------------------\n\nDownload directly\n\n- [buckets.js](https://rawgithub.com/mauriciosantos/buckets/master/buckets.js) (for development) or\n- [buckets-minified.js](https://rawgithub.com/mauriciosantos/buckets/master/buckets-minified.js) (for production)\n\nThen, add it as a script tag to your page:\n\n```html\n<script src="buckets.js"></script>\n<script>\n  var aSet = new buckets.Set();\n</script>\n```\n\nOr install `bucketsjs` using bower\n\n```shell\nbower install bucketsjs\n```\n\nOr use an AMD loader\n\n```javascript\nrequire(["./bower/bucketsjs/buckets.js"], function(buckets) {\n  var hm = new buckets.Dictionary()\n});\n```\n\nOr install `bucketsjs` using npm\n\n```shell\nnpm install buckets-js\n```\n\nIn Node.js: `var buckets = require(\'bucketsjs\')`.\n\nUsage\n--------------------\n\n```javascript\nvar setA = new buckets.Set();\nvar setB = new buckets.Set();\nsetA.add(1);\nsetB.add(2);\nsetA.union(setB); // {1,2}\n```\nRead the [documentation](https://rawgithub.com/mauriciosantos/buckets/master/doc/index.html).\n\nSupport\n--------------------\n\nMauricio Santos, [mauriciosantoss@gmail.com](mailto:mauriciosantoss@gmail.com)\n',
28 silly publish   readmeFilename: 'README.markdown',
28 silly publish   gitHead: '20c551a4939cd258a230c0829205305d6ead1c97',
28 silly publish   bugs: { url: 'https://github.com/mauriciosantos/buckets/issues' },
28 silly publish   homepage: 'https://github.com/mauriciosantos/buckets',
28 silly publish   _id: 'buckets-js@1.85.0',
28 silly publish   scripts: {},
28 silly publish   _shasum: '9f5555b0d6a5bab6aaee99fd8f453877edae766d',
28 silly publish   _from: './' }
29 verbose request where is /buckets-js
30 verbose request registry https://registry.npmjs.org/
31 verbose request id b972e9a0c695f525
32 verbose url raw /buckets-js
33 verbose url resolving [ 'https://registry.npmjs.org/', './buckets-js' ]
34 verbose url resolved https://registry.npmjs.org/buckets-js
35 verbose request where is https://registry.npmjs.org/buckets-js
36 info trying registry request attempt 1 at 00:49:24
37 http PUT https://registry.npmjs.org/buckets-js
38 http 403 https://registry.npmjs.org/buckets-js
39 verbose headers { date: 'Thu, 12 Mar 2015 05:49:26 GMT',
39 verbose headers   server: 'CouchDB/1.5.0 (Erlang OTP/R16B03)',
39 verbose headers   'content-type': 'application/json',
39 verbose headers   'cache-control': 'max-age=60',
39 verbose headers   'content-length': '5427',
39 verbose headers   'accept-ranges': 'bytes',
39 verbose headers   via: '1.1 varnish',
39 verbose headers   'x-served-by': 'cache-ord1731-ORD',
39 verbose headers   'x-cache': 'MISS',
39 verbose headers   'x-cache-hits': '0',
39 verbose headers   'x-timer': 'S1426139366.626107,VS0,VE126',
39 verbose headers   'keep-alive': 'timeout=10, max=50',
39 verbose headers   connection: 'Keep-Alive' }
40 error publish Failed PUT 403
41 error Error: forbidden cannot modify pre-existing version: 1.85.0
41 error old={"name":"buckets-js","description":"Buckets is a complete, fully tested and documented data structure library written in pure JavaScript.","version":"1.85.0","license":"APL-2","repository":{"type":"git","url":"git://github.com/mauriciosantos/buckets.git"},"dependencies":{},"files":["buckets.js","buckets-minified.js"],"main":"buckets.js","gitHead":"20c551a4939cd258a230c0829205305d6ead1c97","bugs":{"url":"https://github.com/mauriciosantos/buckets/issues"},"homepage":"https://github.com/mauriciosantos/buckets","_id":"buckets-js@1.85.0","scripts":{},"_shasum":"2a67fdda243e31fe6579e85921e7bbb9e84a3ff3","_from":"./","_npmVersion":"1.4.28","_npmUser":{"name":"mauriciosantoss","email":"mauriciosantoss@gmail.com"},"maintainers":[{"name":"mauriciosantoss","email":"mauriciosantoss@gmail.com"}],"dist":{"shasum":"2a67fdda243e31fe6579e85921e7bbb9e84a3ff3","tarball":"http://registry.npmjs.org/buckets-js/-/buckets-js-1.85.0.tgz"}}
41 error new={"name":"buckets-js","description":"Buckets is a complete, fully tested and documented data structure library written in pure JavaScript.","version":"1.85.0","license":"APL-2","repository":{"type":"git","url":"git://github.com/mauriciosantos/buckets.git"},"dependencies":{},"files":["buckets.js","buckets-minified.js"],"main":"buckets.js","readme":"[Buckets](github.com/mauriciosantos/buckets/)\u000a====================\u000a**A JavaScript Data Structure Library**\u000a\u000aBuckets is a complete, fully tested and documented data structure library written in pure JavaScript.\u000a\u000aIncluded data structures\u000a---------------------\u000a\u000a- [Linked List](https://rawgithub.com/mauriciosantos/buckets/master/doc/symbols/buckets.LinkedList.html)\u000a- [Dictionary](https://rawgithub.com/mauriciosantos/buckets/master/doc/symbols/buckets.Dictionary.html)\u000a- [Multi Dictionary](https://rawgithub.com/mauriciosantos/buckets/master/doc/symbols/buckets.MultiDictionary.html)\u000a- [Binary Search Tree](https://rawgithub.com/mauriciosantos/buckets/master/doc/symbols/buckets.BSTree.html)\u000a- [Stack](https://rawgithub.com/mauriciosantos/buckets/master/doc/symbols/buckets.Stack.html)\u000a- [Queue](https://rawgithub.com/mauriciosantos/buckets/master/doc/symbols/buckets.Queue.html)\u000a- [Set](https://rawgithub.com/mauriciosantos/buckets/master/doc/symbols/buckets.Set.html)\u000a- [Bag](https://rawgithub.com/mauriciosantos/buckets/master/doc/symbols/buckets.Bag.html)\u000a- [Binary Heap](https://rawgithub.com/mauriciosantos/buckets/master/doc/symbols/buckets.Heap.html)\u000a- [Priority Queue](https://rawgithub.com/mauriciosantos/buckets/master/doc/symbols/buckets.PriorityQueue.html)\u000a\u000aBuckets also includes several functions for manipulating [arrays](https://rawgithub.com/mauriciosantos/buckets/master/doc/symbols/buckets.arrays.html).\u000a\u000aSupported platforms\u000a--------------------\u000a\u000a- Every desktop and mobile browser (including IE6)\u000a- Node.js\u000a\u000aIf it supports JavaScript, it probably supports buckets.\u000a\u000aDownloading Buckets\u000a--------------------\u000a\u000aDownload directly\u000a\u000a- [buckets.js](https://rawgithub.com/mauriciosantos/buckets/master/buckets.js) (for development) or\u000a- [buckets-minified.js](https://rawgithub.com/mauriciosantos/buckets/master/buckets-minified.js) (for production)\u000a\u000aThen, add it as a script tag to your page:\u000a\u000a```html\u000a<script src=\"buckets.js\"></script>\u000a<script>\u000a  var aSet = new buckets.Set();\u000a</script>\u000a```\u000a\u000aOr install `bucketsjs` using bower\u000a\u000a```shell\u000abower install bucketsjs\u000a```\u000a\u000aOr use an AMD loader\u000a\u000a```javascript\u000arequire([\"./bower/bucketsjs/buckets.js\"], function(buckets) {\u000a  var hm = new buckets.Dictionary()\u000a});\u000a```\u000a\u000aOr install `bucketsjs` using npm\u000a\u000a```shell\u000anpm install buckets-js\u000a```\u000a\u000aIn Node.js: `var buckets = require('bucketsjs')`.\u000a\u000aUsage\u000a--------------------\u000a\u000a```javascript\u000avar setA = new buckets.Set();\u000avar setB = new buckets.Set();\u000asetA.add(1);\u000asetB.add(2);\u000asetA.union(setB); // {1,2}\u000a```\u000aRead the [documentation](https://rawgithub.com/mauriciosantos/buckets/master/doc/index.html).\u000a\u000aSupport\u000a--------------------\u000a\u000aMauricio Santos, [mauriciosantoss@gmail.com](mailto:mauriciosantoss@gmail.com)\u000a","readmeFilename":"README.markdown","gitHead":"20c551a4939cd258a230c0829205305d6ead1c97","bugs":{"url":"https://github.com/mauriciosantos/buckets/issues"},"homepage":"https://github.com/mauriciosantos/buckets","_id":"buckets-js@1.85.0","scripts":{},"_shasum":"9f5555b0d6a5bab6aaee99fd8f453877edae766d","_from":"./","_npmVersion":"1.4.28","_npmUser":{"name":"mauriciosantoss","email":"mauriciosantoss@gmail.com"},"maintainers":[{"name":"mauriciosantoss","email":"mauriciosantoss@gmail.com"}],"dist":{"shasum":"9f5555b0d6a5bab6aaee99fd8f453877edae766d","tarball":"http://registry.npmjs.org/buckets-js/-/buckets-js-1.85.0.tgz"}}: buckets-js
41 error     at RegClient.<anonymous> (/usr/local/lib/node_modules/npm/node_modules/npm-registry-client/lib/request.js:308:14)
41 error     at Request._callback (/usr/local/lib/node_modules/npm/node_modules/npm-registry-client/lib/request.js:246:65)
41 error     at Request.self.callback (/usr/local/lib/node_modules/npm/node_modules/request/request.js:236:22)
41 error     at Request.emit (events.js:98:17)
41 error     at Request.<anonymous> (/usr/local/lib/node_modules/npm/node_modules/request/request.js:1142:14)
41 error     at Request.emit (events.js:117:20)
41 error     at IncomingMessage.<anonymous> (/usr/local/lib/node_modules/npm/node_modules/request/request.js:1096:12)
41 error     at IncomingMessage.emit (events.js:117:20)
41 error     at _stream_readable.js:943:16
41 error     at process._tickCallback (node.js:419:13)
42 error If you need help, you may report this *entire* log,
42 error including the npm and node versions, at:
42 error     <http://github.com/npm/npm/issues>
43 error System Darwin 14.1.0
44 error command "node" "/usr/local/bin/npm" "publish" "./"
45 error cwd /Users/Mauricio/OneDrive/Code/buckets
46 error node -v v0.10.32
47 error npm -v 1.4.28
48 verbose exit [ 1, true ]
